# JRE version: OpenJDK Runtime Environment Microsoft-8035246 (17.0.8+7) (build 17.0.8+7-LTS)
# Java VM: OpenJDK 64-Bit Server VM Microsoft-8035246 (17.0.8+7-LTS, mixed mode, sharing, tiered, compressed oops, compressed class ptrs, g1 gc, windows-amd64)
GC Precious Log:
 CPUs: 8 total, 8 available
 Memory: 16167M
 Large Page Support: Disabled
 NUMA Support: Disabled
 Compressed Oops: Enabled (32-bit)
 Heap Region Size: 1M
 Heap Min Capacity: 8M
 Heap Initial Capacity: 254M
 Heap Max Capacity: 2G
 Pre-touch: Disabled
 Parallel Workers: 8
 Concurrent Workers: 2
 Concurrent Refinement Workers: 8
 Periodic GC: Disabled
Heap:
 garbage-first heap   total 350208K, used 223232K [0x0000000080000000, 0x0000000100000000)
  region size 1024K, 26 young (26624K), 8 survivors (8192K)
 Metaspace       used 103521K, committed 104640K, reserved 557056K
  class space    used 14324K, committed 14848K, reserved 425984K
GC Heap History (20 events):
Event: 22.460 GC heap before
{Heap before GC invocations=41 (full 0):
 garbage-first heap   total 175104K, used 138765K [0x0000000080000000, 0x0000000100000000)
  region size 1024K, 46 young (47104K), 1 survivors (1024K)
 Metaspace       used 79989K, committed 80768K, reserved 557056K
  class space    used 11099K, committed 11456K, reserved 425984K
}
Event: 22.463 GC heap after
{Heap after GC invocations=42 (full 0):
 garbage-first heap   total 175104K, used 95216K [0x0000000080000000, 0x0000000100000000)
  region size 1024K, 4 young (4096K), 4 survivors (4096K)
 Metaspace       used 79989K, committed 80768K, reserved 557056K
  class space    used 11099K, committed 11456K, reserved 425984K
}
Event: 22.894 GC heap before
{Heap before GC invocations=43 (full 0):
 garbage-first heap   total 175104K, used 140272K [0x0000000080000000, 0x0000000100000000)
  region size 1024K, 48 young (49152K), 4 survivors (4096K)
 Metaspace       used 82944K, committed 83648K, reserved 557056K
  class space    used 11578K, committed 11904K, reserved 425984K
}
Event: 22.898 GC heap after
{Heap after GC invocations=44 (full 0):
 garbage-first heap   total 175104K, used 96847K [0x0000000080000000, 0x0000000100000000)
  region size 1024K, 5 young (5120K), 5 survivors (5120K)
 Metaspace       used 82944K, committed 83648K, reserved 557056K
  class space    used 11578K, committed 11904K, reserved 425984K
}
Event: 22.923 GC heap before
{Heap before GC invocations=44 (full 0):
 garbage-first heap   total 175104K, used 99919K [0x0000000080000000, 0x0000000100000000)
  region size 1024K, 8 young (8192K), 5 survivors (5120K)
 Metaspace       used 83145K, committed 83904K, reserved 557056K
  class space    used 11620K, committed 11968K, reserved 425984K
}
Event: 22.928 GC heap after
{Heap after GC invocations=45 (full 0):
 garbage-first heap   total 175104K, used 96739K [0x0000000080000000, 0x0000000100000000)
  region size 1024K, 1 young (1024K), 1 survivors (1024K)
 Metaspace       used 83145K, committed 83904K, reserved 557056K
  class space    used 11620K, committed 11968K, reserved 425984K
}
Event: 23.298 GC heap before
{Heap before GC invocations=45 (full 0):
 garbage-first heap   total 175104K, used 142819K [0x0000000080000000, 0x0000000100000000)
  region size 1024K, 46 young (47104K), 1 survivors (1024K)
 Metaspace       used 86353K, committed 87104K, reserved 557056K
  class space    used 12141K, committed 12480K, reserved 425984K
}
Event: 23.301 GC heap after
{Heap after GC invocations=46 (full 0):
 garbage-first heap   total 350208K, used 97977K [0x0000000080000000, 0x0000000100000000)
  region size 1024K, 2 young (2048K), 2 survivors (2048K)
 Metaspace       used 86353K, committed 87104K, reserved 557056K
  class space    used 12141K, committed 12480K, reserved 425984K
}
Event: 25.703 GC heap before
{Heap before GC invocations=46 (full 0):
 garbage-first heap   total 350208K, used 271033K [0x0000000080000000, 0x0000000100000000)
  region size 1024K, 163 young (166912K), 2 survivors (2048K)
 Metaspace       used 91344K, committed 92352K, reserved 557056K
  class space    used 12779K, committed 13248K, reserved 425984K
}
Event: 25.727 GC heap after
{Heap after GC invocations=47 (full 0):
 garbage-first heap   total 350208K, used 138415K [0x0000000080000000, 0x0000000100000000)
  region size 1024K, 21 young (21504K), 21 survivors (21504K)
 Metaspace       used 91344K, committed 92352K, reserved 557056K
  class space    used 12779K, committed 13248K, reserved 425984K
}
Event: 27.069 GC heap before
{Heap before GC invocations=47 (full 0):
 garbage-first heap   total 350208K, used 260271K [0x0000000080000000, 0x0000000100000000)
  region size 1024K, 138 young (141312K), 21 survivors (21504K)
 Metaspace       used 96362K, committed 97344K, reserved 557056K
  class space    used 13484K, committed 13952K, reserved 425984K
}
Event: 27.087 GC heap after
{Heap after GC invocations=48 (full 0):
 garbage-first heap   total 350208K, used 160192K [0x0000000080000000, 0x0000000100000000)
  region size 1024K, 17 young (17408K), 17 survivors (17408K)
 Metaspace       used 96362K, committed 97344K, reserved 557056K
  class space    used 13484K, committed 13952K, reserved 425984K
}
Event: 28.300 GC heap before
{Heap before GC invocations=48 (full 0):
 garbage-first heap   total 350208K, used 268736K [0x0000000080000000, 0x0000000100000000)
  region size 1024K, 123 young (125952K), 17 survivors (17408K)
 Metaspace       used 99485K, committed 100480K, reserved 557056K
  class space    used 13851K, committed 14272K, reserved 425984K
}
Event: 28.321 GC heap after
{Heap after GC invocations=49 (full 0):
 garbage-first heap   total 350208K, used 171978K [0x0000000080000000, 0x0000000100000000)
  region size 1024K, 12 young (12288K), 12 survivors (12288K)
 Metaspace       used 99485K, committed 100480K, reserved 557056K
  class space    used 13851K, committed 14272K, reserved 425984K
}
Event: 29.275 GC heap before
{Heap before GC invocations=49 (full 0):
 garbage-first heap   total 350208K, used 277450K [0x0000000080000000, 0x0000000100000000)
  region size 1024K, 111 young (113664K), 12 survivors (12288K)
 Metaspace       used 102586K, committed 103616K, reserved 557056K
  class space    used 14211K, committed 14656K, reserved 425984K
}
Event: 29.297 GC heap after
{Heap after GC invocations=50 (full 0):
 garbage-first heap   total 350208K, used 184113K [0x0000000080000000, 0x0000000100000000)
  region size 1024K, 12 young (12288K), 12 survivors (12288K)
 Metaspace       used 102586K, committed 103616K, reserved 557056K
  class space    used 14211K, committed 14656K, reserved 425984K
}
Event: 29.880 GC heap before
{Heap before GC invocations=50 (full 0):
 garbage-first heap   total 350208K, used 278321K [0x0000000080000000, 0x0000000100000000)
  region size 1024K, 105 young (107520K), 12 survivors (12288K)
 Metaspace       used 103277K, committed 104320K, reserved 557056K
  class space    used 14310K, committed 14784K, reserved 425984K
}
Event: 29.898 GC heap after
{Heap after GC invocations=51 (full 0):
 garbage-first heap   total 350208K, used 191765K [0x0000000080000000, 0x0000000100000000)
  region size 1024K, 10 young (10240K), 10 survivors (10240K)
 Metaspace       used 103277K, committed 104320K, reserved 557056K
  class space    used 14310K, committed 14784K, reserved 425984K
}
Event: 30.792 GC heap before
{Heap before GC invocations=51 (full 0):
 garbage-first heap   total 350208K, used 291093K [0x0000000080000000, 0x0000000100000000)
  region size 1024K, 98 young (100352K), 10 survivors (10240K)
 Metaspace       used 103487K, committed 104576K, reserved 557056K
  class space    used 14324K, committed 14848K, reserved 425984K
}
Event: 30.805 GC heap after
{Heap after GC invocations=52 (full 0):
 garbage-first heap   total 350208K, used 199680K [0x0000000080000000, 0x0000000100000000)
  region size 1024K, 8 young (8192K), 8 survivors (8192K)
 Metaspace       used 103487K, committed 104576K, reserved 557056K
  class space    used 14324K, committed 14848K, reserved 425984K
}

